<?xml version="1.0" encoding="UTF-8"?>
<!-- Generated by org.testng.reporters.JUnitReportReporter -->
<testsuite hostname="DESKTOP-TTLEV0E" failures="0" tests="1" name="com.Maven.BaseClass" time="2.100" errors="0" timestamp="08 Dec 2018 17:03:58 GMT" skipped="0">
  <testcase classname="com.Maven.BaseClass" name="setup" time="2.100"/>
</testsuite> <!-- com.Maven.BaseClass -->
